data.oci_identity_region_subscriptions.this: Reading...
data.oci_identity_region_subscriptions.this: Read complete after 0s [id=IdentityRegionSubscriptionsDataSource-975117611]

Planning failed. Terraform encountered an error while generating this plan.


Warning: Resource targeting is in effect

You are creating a plan with the -target option, which means that the result
of this plan may not represent all of the changes requested by the current
configuration.

The -target option is not for routine use, and is provided only for
exceptional situations such as recovering from errors or mistakes, or when
Terraform specifically suggests to use it as part of an error message.

Error: Resource precondition failed

  on main.tf line 17, in resource "terraform_data" "region_guard":
  17:       condition     = var.allow_unvalidated_genai_region || contains(local.genai_validated_region_keys, local.deploy_region_key)
    ├────────────────
    │ local.deploy_region_key is "nrt"
    │ local.genai_validated_region_keys is tuple with 2 elements
    │ var.allow_unvalidated_genai_region is false

リージョン ap-tokyo-1(key=nrt) は GenAI(推論/agentic API)が未検証です。JetUse の
RAG/会話メモリ/デモ生成は GenAI に依存し、実証済は 大阪(kix)/シカゴ(ord) のみです。デプロイ前に対象リージョンの
GenAI/agentic API の提供状況を確認し、承知の上で進める場合は allow_unvalidated_genai_region=true
を設定してください。
